AndroidUnity/unityLibrary/xrmanifest.androidlib/build/intermediates/manifest_merge_blame_file/debug/manifest-merger-blame-debug-report.txt
1<?xml version="1.0" encoding="utf-8"?>
2<manifest xmlns:android="http://schemas.android.com/apk/res/android"
3    package="com.UnityTechnologies.XR.Manifest" >
4
5    <uses-sdk android:minSdkVersion="1" />
6
7    <application>
7-->unityLibrary\xrmanifest.androidlib\AndroidManifest.xml:3:3-8:17
8        <activity android:name="com.unity3d.player.UnityPlayerActivity" >
8-->unityLibrary\xrmanifest.androidlib\AndroidManifest.xml:4:5-6:16
8-->unityLibrary\xrmanifest.androidlib\AndroidManifest.xml:4:15-68
9        </activity>
10    </application>
11
12</manifest>